ğŸ“ ğŸ“ ğŸ“ ğŸ“ ğŸ“ 
ProjectSetupTool executing command: setup_project in python environment

ğŸ“ ğŸ“ ğŸ“ ğŸ“ ğŸ“ 
ProjectSetupTool completed: Command: setup_project
Status: success
Project Path: C:\mygit\BLazy\repo\maze
Packages Installed:

ğŸ“ ğŸ“ ğŸ“ ğŸ“ ğŸ“ 
WriteCodeTool Instructions: Python code that implements a maze solver function using BFS to find reachable fields in top row.

The main function should be:
def get_number_of_reachable_fields(grid, rows, columns, start_row, start_column)

The function will:
1. Use a queue for BFS traversal
2. Keep track of visited cells to avoid cycles
3. Only allow moves up and sideways (left/right)
4. Count unique reachable fields in the top row

Also include test cases that cover the examples provided in the problem description.

Use collections.deque for efficient queue operations.

ğŸ“ ğŸ“ ğŸ“ ğŸ“ ğŸ“ 
WriteCodeTool error: name '_call_llm_to_review_code' is not defined

ğŸ“ ğŸ“ ğŸ“ ğŸ“ ğŸ“ 
EditTool executing command: view on path: C:\mygit\BLazy\repo\maze\maze_solver.py

ğŸ“ ğŸ“ ğŸ“ ğŸ“ ğŸ“ 
EditTool error: Ran into [Errno 2] No such file or directory: 'C:\\mygit\\BLazy\\repo\\maze\\maze_solver.py' while trying to read C:\mygit\BLazy\repo\maze\maze_solver.py

ğŸ“ ğŸ“ ğŸ“ ğŸ“ ğŸ“ 
EditTool executing command: create on path: C:\mygit\BLazy\repo\maze\maze_solver.py

ğŸ“ ğŸ“ ğŸ“ ğŸ“ ğŸ“ 
ProjectSetupTool executing command: run_app in python environment

ğŸ“ ğŸ“ ğŸ“ ğŸ“ ğŸ“ 
ProjectSetupTool completed: Command: run_app
Status: error
Project Path: C:\mygit\BLazy\repo\maze

Errors:
Failed to run app: Command '['uv', 'run', 'maze_solver.py']' returned non-zero exit status 1.
Output: 
Error: Traceback (most recent call last):
  File "C:\mygit\BLazy\repo\maze\maze_solver.py", line 105, in <module>
    run_tests()
  File "C:\mygit\BLazy\repo\maze\maze_solver.py", line 74, in run_tests
    assert get_number_of_reachable_fields(grid1, 5, 3, 0, 1) == 3, "Test case 1 failed"
           ^^^^^^^^^^^^^^^^^^^^^^^^^^^^^^^^^^^^^^^^^^^^^^^^^^^^^^
AssertionError: Test case 1 failed


ğŸ“ ğŸ“ ğŸ“ ğŸ“ ğŸ“ 
EditTool executing command: str_replace on path: C:\mygit\BLazy\repo\maze\maze_solver.py

ğŸ“ ğŸ“ ğŸ“ ğŸ“ ğŸ“ 
EditTool executing command: str_replace on path: C:\mygit\BLazy\repo\maze\maze_solver.py

ğŸ“ ğŸ“ ğŸ“ ğŸ“ ğŸ“ 
EditTool executing command: str_replace on path: C:\mygit\BLazy\repo\maze\maze_solver.py

ğŸ“ ğŸ“ ğŸ“ ğŸ“ ğŸ“ 
ProjectSetupTool executing command: run_app in python environment

ğŸ“ ğŸ“ ğŸ“ ğŸ“ ğŸ“ 
ProjectSetupTool completed: Command: run_app
Status: error
Project Path: C:\mygit\BLazy\repo\maze

Errors:
Failed to run app: Command '['uv', 'run', 'maze_solver.py']' returned non-zero exit status 1.
Output: 
Error: Traceback (most recent call last):
  File "C:\mygit\BLazy\repo\maze\maze_solver.py", line 113, in <module>
    run_tests()
  File "C:\mygit\BLazy\repo\maze\maze_solver.py", line 74, in run_tests
    assert get_number_of_reachable_fields(grid1, 5, 3, 4, 2) == 3, "Test case 1 failed"
           ^^^^^^^^^^^^^^^^^^^^^^^^^^^^^^^^^^^^^^^^^^^^^^^^^^^^^^
AssertionError: Test case 1 failed


ğŸ“ ğŸ“ ğŸ“ ğŸ“ ğŸ“ 
EditTool executing command: str_replace on path: C:\mygit\BLazy\repo\maze\maze_solver.py

ğŸ“ ğŸ“ ğŸ“ ğŸ“ ğŸ“ 
ProjectSetupTool executing command: run_app in python environment

ğŸ“ ğŸ“ ğŸ“ ğŸ“ ğŸ“ 
ProjectSetupTool completed: Command: run_app
Status: success
Project Path: C:\mygit\BLazy\repo\maze

Application Output:
All test cases passed!


